<?xml version="1.0" encoding="UTF-8"?>
<testsuite xmlns:xsi="http://www.w3.org/2001/XMLSchema-instance" xsi:noNamespaceSchemaLocation="https://maven.apache.org/surefire/maven-surefire-plugin/xsd/surefire-test-report.xsd" version="3.0.2" name="com.mycompany.medical_records.Patient_ManagerTest" time="0.089" tests="1" errors="0" skipped="0" failures="0">
  <properties>
[...]
</properties>
  <testcase name="testDeletePatient" classname="com.mycompany.medical_records.Patient_ManagerTest" time="0.016">
    <system-out><![CDATA[deletePatient
]]></system-out>
  </testcase>
</testsuite>